2026-05-18 16:29:48,972 - INFO - ------------- Start of Script --------------
2026-05-18 16:29:57,822 - INFO - Details found in vCenter : l5h629047.hop.lab.emc.com
2026-05-18 16:30:05,946 - INFO -  Fetching the details below ............... 
2026-05-18 16:30:05,946 - INFO -  List of ESX Hosts for OGF5:
2026-05-18 16:30:06,300 - INFO -      l5h629080.hop.lab.emc.com
2026-05-18 16:30:06,300 - INFO -  List of VMs for OGF5:
2026-05-18 16:30:06,650 - INFO -      l5dl113110.hop.lab.emc.com
2026-05-18 16:30:06,996 - INFO -      l5dl113111.hop.lab.emc.com
2026-05-18 16:30:06,996 - INFO - ------------- Fetching the VM IPs --------------
2026-05-18 16:30:06,997 - INFO -  Fetching the VM IPs ....
2026-05-18 16:30:08,380 - INFO - IP for l5dl113110.hop.lab.emc.com: 10.246.113.110
2026-05-18 16:30:09,078 - INFO - IP for l5dl113111.hop.lab.emc.com: 10.246.113.111
2026-05-18 16:30:09,078 - INFO - ------------- Fetching the correct credentials for the VMs  --------------
2026-05-18 16:30:09,078 - INFO -  Fetching the credentials for the VMs .....
2026-05-18 16:30:10,133 - INFO - Connected (version 2.0, client OpenSSH_8.0)
2026-05-18 16:30:11,970 - INFO - Authentication (publickey) failed.
2026-05-18 16:30:12,691 - INFO - Authentication (password) successful!
2026-05-18 16:30:12,691 - INFO - Credentials found for l5dl113110.hop.lab.emc.com : root : dangerous
2026-05-18 16:30:13,878 - INFO - Connected (version 2.0, client OpenSSH_8.0)
2026-05-18 16:30:16,378 - INFO - Authentication (publickey) failed.
2026-05-18 16:30:17,213 - INFO - Authentication (password) successful!
2026-05-18 16:30:17,213 - INFO - Credentials found for l5dl113111.hop.lab.emc.com : root : dangerous
2026-05-18 16:30:17,216 - INFO - ------------- Configuring ACLX DB for the system --------------
2026-05-18 16:30:17,905 - INFO - Connected (version 2.0, client OpenSSH_8.0)
2026-05-18 16:30:19,692 - INFO - Authentication (publickey) failed.
2026-05-18 16:30:20,459 - INFO - Authentication (password) successful!
2026-05-18 16:30:20,459 - INFO - Starting the aclx restore script.....
2026-05-18 16:30:21,526 - INFO - Permissions changed
2026-05-18 16:30:32,278 - INFO - Shell aclx db script initiated
2026-05-18 16:30:55,406 - INFO - Aclx DB file restore is successful for host l5dl113110.hop.lab.emc.com
2026-05-18 16:30:55,406 - INFO - ------------- Readying the Hosts --------------
2026-05-18 16:30:55,408 - INFO - Connecting to host 10.246.113.110 (l5dl113110.hop.lab.emc.com) for ready/Adios operations
2026-05-18 16:30:55,408 - INFO - Connecting to host 10.246.113.111 (l5dl113111.hop.lab.emc.com) for ready/Adios operations
2026-05-18 16:30:56,104 - INFO - Connected (version 2.0, client OpenSSH_8.0)
2026-05-18 16:30:56,122 - INFO - Connected (version 2.0, client OpenSSH_8.0)
2026-05-18 16:30:57,921 - INFO - Authentication (publickey) failed.
2026-05-18 16:30:57,945 - INFO - Authentication (publickey) failed.
2026-05-18 16:30:58,624 - INFO - Authentication (password) successful!
2026-05-18 16:30:58,678 - INFO - Authentication (password) successful!
2026-05-18 16:30:59,330 - INFO - Connected (version 2.0, client OpenSSH_8.0)
2026-05-18 16:30:59,367 - INFO - Connected (version 2.0, client OpenSSH_8.0)
2026-05-18 16:31:01,240 - INFO - Authentication (publickey) failed.
2026-05-18 16:31:01,867 - INFO - Authentication (publickey) failed.
2026-05-18 16:31:01,950 - INFO - Authentication (password) successful!
2026-05-18 16:31:02,591 - INFO - Authentication (password) successful!
2026-05-18 16:31:22,741 - INFO - Updating Riveroak Adios Version for l5dl113110.hop.lab.emc.com
2026-05-18 16:31:23,565 - INFO - Updating Riveroak Adios Version for l5dl113111.hop.lab.emc.com
