2026-02-17 15:02:25,727 - INFO - ------------- Start of Script --------------
2026-02-17 15:02:33,104 - INFO - Details found in vCenter : l5h629047.hop.lab.emc.com
2026-02-17 15:02:39,362 - INFO -  Fetching the details below ............... 
2026-02-17 15:02:39,362 - INFO -  List of ESX Hosts for OGH5:
2026-02-17 15:02:39,613 - INFO -      l5h225084.hop.delllabs.net
2026-02-17 15:02:39,862 - INFO -      l5h225082.hop.delllabs.net
2026-02-17 15:02:40,113 - INFO -      l5h225084.hop.delllabs.net
2026-02-17 15:02:40,363 - INFO -      l5h225082.hop.delllabs.net
2026-02-17 15:02:40,363 - INFO -  List of VMs for OGH5:
2026-02-17 15:02:40,614 - INFO -      l5h225090.hop.delllabs.net
2026-02-17 15:02:40,865 - INFO -      l5h225096.hop.delllabs.net
2026-02-17 15:02:41,115 - INFO -      l5h225093.hop.delllabs.net
2026-02-17 15:02:41,366 - INFO -      l5h225097.hop.delllabs.net
2026-02-17 15:02:41,616 - INFO -      l5h225095.hop.delllabs.net
2026-02-17 15:02:41,866 - INFO -      l5h225091.hop.delllabs.net
2026-02-17 15:02:42,142 - INFO -      l5h225098.hop.delllabs.net
2026-02-17 15:02:42,392 - INFO -      l5h225089.hop.delllabs.net
2026-02-17 15:02:42,643 - INFO -      l5h225094.hop.delllabs.net
2026-02-17 15:02:42,892 - INFO -      l5h225092.hop.delllabs.net
2026-02-17 15:02:42,893 - INFO - ------------- Fetching the VM IPs --------------
2026-02-17 15:02:42,893 - INFO -  Fetching the VM IPs ....
2026-02-17 15:02:45,402 - INFO - ------------- Fetching the correct credentials for the VMs  --------------
2026-02-17 15:02:45,402 - INFO -  Fetching the credentials for the VMs .....
2026-02-17 15:02:46,234 - INFO - Connected (version 2.0, client OpenSSH_8.0)
2026-02-17 15:02:47,729 - INFO - Authentication (publickey) failed.
2026-02-17 15:02:48,315 - INFO - Authentication (password) successful!
2026-02-17 15:02:48,315 - INFO - Credentials found for l5h225090.hop.delllabs.net : root : dangerous
2026-02-17 15:02:49,267 - INFO - Connected (version 2.0, client OpenSSH_8.0)
2026-02-17 15:02:50,432 - INFO - Authentication (publickey) failed.
2026-02-17 15:02:50,883 - INFO - Authentication (password) successful!
2026-02-17 15:02:50,883 - INFO - Credentials found for l5h225093.hop.delllabs.net : root : dangerous
2026-02-17 15:02:51,664 - INFO - Connected (version 2.0, client OpenSSH_8.0)
2026-02-17 15:02:53,027 - INFO - Authentication (publickey) failed.
2026-02-17 15:02:53,582 - INFO - Authentication (password) successful!
2026-02-17 15:02:53,582 - INFO - Credentials found for l5h225097.hop.delllabs.net : root : dangerous
2026-02-17 15:02:54,350 - INFO - Connected (version 2.0, client OpenSSH_8.0)
2026-02-17 15:02:55,702 - INFO - Authentication (publickey) failed.
2026-02-17 15:02:56,235 - INFO - Authentication (password) successful!
2026-02-17 15:02:56,236 - INFO - Credentials found for l5h225095.hop.delllabs.net : root : dangerous
2026-02-17 15:02:56,987 - INFO - Connected (version 2.0, client OpenSSH_8.0)
2026-02-17 15:02:58,269 - INFO - Authentication (publickey) failed.
2026-02-17 15:02:58,772 - INFO - Authentication (password) successful!
2026-02-17 15:02:58,772 - INFO - Credentials found for l5h225091.hop.delllabs.net : root : dangerous
2026-02-17 15:02:59,550 - INFO - Connected (version 2.0, client OpenSSH_8.0)
2026-02-17 15:03:00,920 - INFO - Authentication (publickey) failed.
2026-02-17 15:03:01,464 - INFO - Authentication (password) successful!
2026-02-17 15:03:01,464 - INFO - Credentials found for l5h225098.hop.delllabs.net : root : dangerous
2026-02-17 15:03:02,218 - INFO - Connected (version 2.0, client OpenSSH_8.0)
2026-02-17 15:03:03,523 - INFO - Authentication (publickey) failed.
2026-02-17 15:03:04,034 - INFO - Authentication (password) successful!
2026-02-17 15:03:04,035 - INFO - Credentials found for l5h225089.hop.delllabs.net : root : dangerous
2026-02-17 15:03:04,728 - INFO - Connected (version 2.0, client OpenSSH_8.0)
2026-02-17 15:03:05,880 - INFO - Authentication (publickey) failed.
2026-02-17 15:03:06,369 - INFO - Authentication (password) successful!
2026-02-17 15:03:06,369 - INFO - Credentials found for l5h225094.hop.delllabs.net : root : dangerous
2026-02-17 15:03:07,145 - INFO - Connected (version 2.0, client OpenSSH_8.0)
2026-02-17 15:03:08,480 - INFO - Authentication (publickey) failed.
2026-02-17 15:03:09,000 - INFO - Authentication (password) successful!
2026-02-17 15:03:09,000 - INFO - Credentials found for l5h225092.hop.delllabs.net : root : dangerous
2026-02-17 15:03:09,002 - INFO - ------------- Waiting for the Hosts to be In Ready State --------------
2026-02-17 15:03:09,436 - INFO - Connected (version 2.0, client OpenSSH_8.0)
2026-02-17 15:03:09,457 - INFO - Connected (version 2.0, client OpenSSH_8.0)
2026-02-17 15:03:09,502 - INFO - Connected (version 2.0, client OpenSSH_8.0)
2026-02-17 15:03:09,504 - INFO - Connected (version 2.0, client OpenSSH_8.0)
2026-02-17 15:03:09,530 - INFO - Connected (version 2.0, client OpenSSH_8.0)
2026-02-17 15:03:09,530 - INFO - Connected (version 2.0, client OpenSSH_8.0)
2026-02-17 15:03:09,566 - INFO - Connected (version 2.0, client OpenSSH_8.0)
2026-02-17 15:03:09,590 - INFO - Connected (version 2.0, client OpenSSH_8.0)
2026-02-17 15:03:09,595 - INFO - Connected (version 2.0, client OpenSSH_8.0)
2026-02-17 15:03:10,564 - INFO - Authentication (publickey) failed.
2026-02-17 15:03:10,643 - INFO - Authentication (publickey) failed.
2026-02-17 15:03:10,797 - INFO - Authentication (publickey) failed.
2026-02-17 15:03:10,810 - INFO - Authentication (publickey) failed.
2026-02-17 15:03:10,891 - INFO - Authentication (publickey) failed.
2026-02-17 15:03:10,913 - INFO - Authentication (publickey) failed.
2026-02-17 15:03:11,003 - INFO - Authentication (password) successful!
2026-02-17 15:03:11,018 - INFO - Authentication (publickey) failed.
2026-02-17 15:03:11,106 - INFO - Authentication (password) successful!
2026-02-17 15:03:11,110 - INFO - Authentication (publickey) failed.
2026-02-17 15:03:11,133 - INFO - Authentication (publickey) failed.
2026-02-17 15:03:11,303 - INFO - Authentication (password) successful!
2026-02-17 15:03:11,321 - INFO - Authentication (password) successful!
2026-02-17 15:03:11,425 - INFO - Authentication (password) successful!
2026-02-17 15:03:11,461 - INFO - Authentication (password) successful!
2026-02-17 15:03:11,572 - INFO - Connected (version 2.0, client OpenSSH_8.0)
2026-02-17 15:03:11,608 - INFO - Authentication (password) successful!
2026-02-17 15:03:11,667 - INFO - Connected (version 2.0, client OpenSSH_8.0)
2026-02-17 15:03:11,712 - INFO - Authentication (password) successful!
2026-02-17 15:03:11,747 - INFO - Authentication (password) successful!
2026-02-17 15:03:11,762 - INFO - Connected (version 2.0, client OpenSSH_8.0)
2026-02-17 15:03:11,794 - INFO - Connected (version 2.0, client OpenSSH_8.0)
2026-02-17 15:03:11,978 - INFO - Connected (version 2.0, client OpenSSH_8.0)
2026-02-17 15:03:11,994 - INFO - Connected (version 2.0, client OpenSSH_8.0)
2026-02-17 15:03:12,039 - INFO - Connected (version 2.0, client OpenSSH_8.0)
2026-02-17 15:03:12,289 - INFO - Connected (version 2.0, client OpenSSH_8.0)
2026-02-17 15:03:12,336 - INFO - Connected (version 2.0, client OpenSSH_8.0)
2026-02-17 15:03:12,917 - INFO - Authentication (publickey) failed.
2026-02-17 15:03:13,045 - INFO - Authentication (publickey) failed.
2026-02-17 15:03:13,072 - INFO - Authentication (publickey) failed.
2026-02-17 15:03:13,120 - INFO - Authentication (publickey) failed.
2026-02-17 15:03:13,167 - INFO - Authentication (publickey) failed.
2026-02-17 15:03:13,364 - INFO - Authentication (publickey) failed.
2026-02-17 15:03:13,368 - INFO - Authentication (password) successful!
2026-02-17 15:03:13,390 - INFO - Authentication (publickey) failed.
2026-02-17 15:03:13,575 - INFO - Authentication (password) successful!
2026-02-17 15:03:13,609 - INFO - Authentication (password) successful!
2026-02-17 15:03:13,635 - INFO - Authentication (password) successful!
2026-02-17 15:03:13,690 - INFO - Authentication (password) successful!
2026-02-17 15:03:13,843 - INFO - Authentication (publickey) failed.
2026-02-17 15:03:13,894 - INFO - Authentication (publickey) failed.
2026-02-17 15:03:13,921 - INFO - Authentication (password) successful!
2026-02-17 15:03:13,944 - INFO - Authentication (password) successful!
2026-02-17 15:03:14,435 - INFO - Authentication (password) successful!
2026-02-17 15:03:14,504 - INFO - Authentication (password) successful!
2026-02-17 15:03:19,712 - INFO - Dispatcher set to Not Ready for l5h225093.hop.delllabs.net
2026-02-17 15:03:19,893 - INFO - Dispatcher set to Not Ready for l5h225092.hop.delllabs.net
2026-02-17 15:03:21,916 - INFO - Dispatcher set to Not Ready for l5h225094.hop.delllabs.net
2026-02-17 15:03:22,524 - INFO - Dispatcher set to Not Ready for l5h225091.hop.delllabs.net
2026-02-17 15:03:34,710 - INFO - Configuring Dispatcher for host l5h225090.hop.delllabs.net
2026-02-17 15:03:35,088 - INFO - Configuring Dispatcher for host l5h225089.hop.delllabs.net
2026-02-17 15:03:35,183 - INFO - Configuring Dispatcher for host l5h225097.hop.delllabs.net
2026-02-17 15:03:35,819 - INFO - Configuring Dispatcher for host l5h225098.hop.delllabs.net
2026-02-17 15:03:35,883 - INFO - Configuring Dispatcher for host l5h225095.hop.delllabs.net
2026-02-17 15:03:40,257 - INFO - Configuring Dispatcher for host l5h225093.hop.delllabs.net
2026-02-17 15:03:40,441 - INFO - Configuring Dispatcher for host l5h225092.hop.delllabs.net
2026-02-17 15:03:42,529 - INFO - Configuring Dispatcher for host l5h225094.hop.delllabs.net
2026-02-17 15:03:43,020 - INFO - Configuring Dispatcher for host l5h225091.hop.delllabs.net
2026-02-17 15:12:44,454 - INFO - Dispatcher configured for host l5h225092.hop.delllabs.net. Polling for Final REady State........
2026-02-17 15:12:48,138 - INFO - Dispatcher configured for host l5h225091.hop.delllabs.net. Polling for Final REady State........
2026-02-17 15:12:48,680 - INFO - Dispatcher configured for host l5h225093.hop.delllabs.net. Polling for Final REady State........
2026-02-17 15:12:56,331 - INFO - Dispatcher configured for host l5h225094.hop.delllabs.net. Polling for Final REady State........
2026-02-17 15:13:47,644 - INFO - l5h225092.hop.delllabs.net is Ready
2026-02-17 15:13:56,174 - INFO - l5h225093.hop.delllabs.net is Ready
2026-02-17 15:13:56,722 - INFO - l5h225091.hop.delllabs.net is Ready
2026-02-17 15:14:00,057 - INFO - l5h225094.hop.delllabs.net is Ready
2026-02-17 15:31:45,432 - INFO - Dispatcher configured for host l5h225089.hop.delllabs.net. Polling for Final REady State........
2026-02-17 15:32:14,777 - INFO - Dispatcher configured for host l5h225090.hop.delllabs.net. Polling for Final REady State........
2026-02-17 15:33:20,866 - INFO - l5h225089.hop.delllabs.net is Ready
2026-02-17 15:33:49,941 - INFO - l5h225090.hop.delllabs.net is Ready
2026-02-17 15:46:55,774 - INFO - Dispatcher configured for host l5h225095.hop.delllabs.net. Polling for Final REady State........
2026-02-17 15:47:07,658 - INFO - Dispatcher configured for host l5h225098.hop.delllabs.net. Polling for Final REady State........
2026-02-17 15:48:31,637 - INFO - l5h225095.hop.delllabs.net is Ready
2026-02-17 15:48:36,573 - INFO - Dispatcher configured for host l5h225097.hop.delllabs.net. Polling for Final REady State........
2026-02-17 15:48:42,402 - INFO - l5h225098.hop.delllabs.net is Ready
2026-02-17 15:50:05,032 - INFO - l5h225097.hop.delllabs.net is Ready
2026-02-17 15:50:05,033 - INFO - ------------- End of Script --------------
