2026-02-17 14:25:33,755 - INFO - ------------- Start of Script --------------
2026-02-17 14:25:42,070 - INFO - Details found in vCenter : l5h629047.hop.lab.emc.com
2026-02-17 14:25:49,214 - INFO -  Fetching the details below ............... 
2026-02-17 14:25:49,214 - INFO -  List of ESX Hosts for OGH5:
2026-02-17 14:25:49,501 - INFO -      l5h225084.hop.delllabs.net
2026-02-17 14:25:49,787 - INFO -      l5h225082.hop.delllabs.net
2026-02-17 14:25:50,072 - INFO -      l5h225084.hop.delllabs.net
2026-02-17 14:25:50,358 - INFO -      l5h225082.hop.delllabs.net
2026-02-17 14:25:50,358 - INFO -  List of VMs for OGH5:
2026-02-17 14:25:50,646 - INFO -      l5h225090.hop.delllabs.net
2026-02-17 14:25:50,932 - INFO -      l5h225096.hop.delllabs.net
2026-02-17 14:25:51,217 - INFO -      l5h225093.hop.delllabs.net
2026-02-17 14:25:51,504 - INFO -      l5h225097.hop.delllabs.net
2026-02-17 14:25:51,790 - INFO -      l5h225095.hop.delllabs.net
2026-02-17 14:25:52,076 - INFO -      l5h225091.hop.delllabs.net
2026-02-17 14:25:52,361 - INFO -      l5h225098.hop.delllabs.net
2026-02-17 14:25:52,649 - INFO -      l5h225089.hop.delllabs.net
2026-02-17 14:25:52,934 - INFO -      l5h225094.hop.delllabs.net
2026-02-17 14:25:53,219 - INFO -      l5h225092.hop.delllabs.net
2026-02-17 14:25:53,221 - INFO - ------------- Fetching the VM IPs --------------
2026-02-17 14:25:53,221 - INFO -  Fetching the VM IPs ....
2026-02-17 14:25:56,085 - INFO - ------------- Fetching the correct credentials for the VMs  --------------
2026-02-17 14:25:56,085 - INFO -  Fetching the credentials for the VMs .....
2026-02-17 14:25:56,889 - INFO - Connected (version 2.0, client OpenSSH_8.0)
2026-02-17 14:25:58,344 - INFO - Authentication (publickey) failed.
2026-02-17 14:25:58,882 - INFO - Authentication (password) successful!
2026-02-17 14:25:58,884 - INFO - Credentials found for l5h225090.hop.delllabs.net : root : dangerous
2026-02-17 14:26:00,023 - INFO - Connected (version 2.0, client OpenSSH_8.0)
2026-02-17 14:26:01,735 - INFO - Authentication (publickey) failed.
2026-02-17 14:26:02,324 - INFO - Authentication (password) successful!
2026-02-17 14:26:02,325 - INFO - Credentials found for l5h225093.hop.delllabs.net : root : dangerous
2026-02-17 14:26:03,084 - INFO - Connected (version 2.0, client OpenSSH_8.0)
2026-02-17 14:26:04,313 - INFO - Authentication (publickey) failed.
2026-02-17 14:26:04,798 - INFO - Authentication (password) successful!
2026-02-17 14:26:04,798 - INFO - Credentials found for l5h225097.hop.delllabs.net : root : dangerous
2026-02-17 14:26:05,817 - INFO - Connected (version 2.0, client OpenSSH_8.0)
2026-02-17 14:26:07,551 - INFO - Authentication (publickey) failed.
2026-02-17 14:26:08,174 - INFO - Authentication (password) successful!
2026-02-17 14:26:08,175 - INFO - Credentials found for l5h225095.hop.delllabs.net : root : dangerous
2026-02-17 14:26:08,991 - INFO - Connected (version 2.0, client OpenSSH_8.0)
2026-02-17 14:26:10,468 - INFO - Authentication (publickey) failed.
2026-02-17 14:26:11,019 - INFO - Authentication (password) successful!
2026-02-17 14:26:11,020 - INFO - Credentials found for l5h225091.hop.delllabs.net : root : dangerous
2026-02-17 14:26:11,816 - INFO - Connected (version 2.0, client OpenSSH_8.0)
2026-02-17 14:26:13,351 - INFO - Authentication (publickey) failed.
2026-02-17 14:26:13,903 - INFO - Authentication (password) successful!
2026-02-17 14:26:13,904 - INFO - Credentials found for l5h225098.hop.delllabs.net : root : dangerous
2026-02-17 14:26:14,779 - INFO - Connected (version 2.0, client OpenSSH_8.0)
2026-02-17 14:26:16,208 - INFO - Authentication (publickey) failed.
2026-02-17 14:26:16,784 - INFO - Authentication (password) successful!
2026-02-17 14:26:16,784 - INFO - Credentials found for l5h225089.hop.delllabs.net : root : dangerous
2026-02-17 14:26:17,596 - INFO - Connected (version 2.0, client OpenSSH_8.0)
2026-02-17 14:26:18,856 - INFO - Authentication (publickey) failed.
2026-02-17 14:26:19,322 - INFO - Authentication (password) successful!
2026-02-17 14:26:19,323 - INFO - Credentials found for l5h225094.hop.delllabs.net : root : dangerous
2026-02-17 14:26:20,097 - INFO - Connected (version 2.0, client OpenSSH_8.0)
2026-02-17 14:26:21,608 - INFO - Authentication (publickey) failed.
2026-02-17 14:26:22,119 - INFO - Authentication (password) successful!
2026-02-17 14:26:22,119 - INFO - Credentials found for l5h225092.hop.delllabs.net : root : dangerous
2026-02-17 14:26:22,120 - INFO - ------------- Waiting for the Hosts to be In Ready State --------------
2026-02-17 14:26:22,555 - INFO - Connected (version 2.0, client OpenSSH_8.0)
2026-02-17 14:26:22,563 - INFO - Connected (version 2.0, client OpenSSH_8.0)
2026-02-17 14:26:22,576 - INFO - Connected (version 2.0, client OpenSSH_8.0)
2026-02-17 14:26:22,609 - INFO - Connected (version 2.0, client OpenSSH_8.0)
2026-02-17 14:26:22,617 - INFO - Connected (version 2.0, client OpenSSH_8.0)
2026-02-17 14:26:22,618 - INFO - Connected (version 2.0, client OpenSSH_8.0)
2026-02-17 14:26:22,632 - INFO - Connected (version 2.0, client OpenSSH_8.0)
2026-02-17 14:26:22,649 - INFO - Connected (version 2.0, client OpenSSH_8.0)
2026-02-17 14:26:22,677 - INFO - Connected (version 2.0, client OpenSSH_8.0)
2026-02-17 14:26:23,679 - INFO - Authentication (publickey) failed.
2026-02-17 14:26:23,715 - INFO - Authentication (publickey) failed.
2026-02-17 14:26:23,742 - INFO - Authentication (publickey) failed.
2026-02-17 14:26:23,866 - INFO - Authentication (publickey) failed.
2026-02-17 14:26:23,897 - INFO - Authentication (publickey) failed.
2026-02-17 14:26:23,898 - INFO - Authentication (publickey) failed.
2026-02-17 14:26:23,952 - INFO - Authentication (publickey) failed.
2026-02-17 14:26:23,989 - INFO - Authentication (publickey) failed.
2026-02-17 14:26:24,116 - INFO - Authentication (password) successful!
2026-02-17 14:26:24,120 - INFO - Authentication (publickey) failed.
2026-02-17 14:26:24,165 - INFO - Authentication (password) successful!
2026-02-17 14:26:24,197 - INFO - Authentication (password) successful!
2026-02-17 14:26:24,359 - INFO - Authentication (password) successful!
2026-02-17 14:26:24,398 - INFO - Authentication (password) successful!
2026-02-17 14:26:24,399 - INFO - Authentication (password) successful!
2026-02-17 14:26:24,478 - INFO - Authentication (password) successful!
2026-02-17 14:26:24,537 - INFO - Authentication (password) successful!
2026-02-17 14:26:24,559 - INFO - Connected (version 2.0, client OpenSSH_8.0)
2026-02-17 14:26:24,596 - INFO - Connected (version 2.0, client OpenSSH_8.0)
2026-02-17 14:26:24,697 - INFO - Authentication (password) successful!
2026-02-17 14:26:24,711 - INFO - Connected (version 2.0, client OpenSSH_8.0)
2026-02-17 14:26:24,890 - INFO - Connected (version 2.0, client OpenSSH_8.0)
2026-02-17 14:26:24,921 - INFO - Connected (version 2.0, client OpenSSH_8.0)
2026-02-17 14:26:24,932 - INFO - Connected (version 2.0, client OpenSSH_8.0)
2026-02-17 14:26:24,963 - INFO - Connected (version 2.0, client OpenSSH_8.0)
2026-02-17 14:26:25,067 - INFO - Connected (version 2.0, client OpenSSH_8.0)
2026-02-17 14:26:25,251 - INFO - Connected (version 2.0, client OpenSSH_8.0)
2026-02-17 14:26:25,716 - INFO - Authentication (publickey) failed.
2026-02-17 14:26:25,724 - INFO - Authentication (publickey) failed.
2026-02-17 14:26:26,048 - INFO - Authentication (publickey) failed.
2026-02-17 14:26:26,061 - INFO - Authentication (publickey) failed.
2026-02-17 14:26:26,165 - INFO - Authentication (password) successful!
2026-02-17 14:26:26,167 - INFO - Authentication (password) successful!
2026-02-17 14:26:26,169 - INFO - Authentication (publickey) failed.
2026-02-17 14:26:26,416 - INFO - Authentication (publickey) failed.
2026-02-17 14:26:26,430 - INFO - Authentication (publickey) failed.
2026-02-17 14:26:26,459 - INFO - Authentication (publickey) failed.
2026-02-17 14:26:26,524 - INFO - Authentication (password) successful!
2026-02-17 14:26:26,570 - INFO - Authentication (password) successful!
2026-02-17 14:26:26,655 - INFO - Authentication (publickey) failed.
2026-02-17 14:26:26,670 - INFO - Authentication (password) successful!
2026-02-17 14:26:27,005 - INFO - Authentication (password) successful!
2026-02-17 14:26:27,011 - INFO - Authentication (password) successful!
2026-02-17 14:26:27,020 - INFO - Authentication (password) successful!
2026-02-17 14:26:27,225 - INFO - Authentication (password) successful!
2026-02-17 14:26:34,509 - INFO - Dispatcher set to Not Ready for l5h225089.hop.delllabs.net
2026-02-17 14:26:35,236 - INFO - Dispatcher set to Not Ready for l5h225097.hop.delllabs.net
2026-02-17 14:26:47,380 - INFO - Configuring Dispatcher for host l5h225093.hop.delllabs.net
2026-02-17 14:26:47,381 - INFO - Configuring Dispatcher for host l5h225094.hop.delllabs.net
2026-02-17 14:26:47,624 - INFO - Configuring Dispatcher for host l5h225092.hop.delllabs.net
2026-02-17 14:26:47,863 - INFO - Configuring Dispatcher for host l5h225098.hop.delllabs.net
2026-02-17 14:26:48,284 - INFO - Configuring Dispatcher for host l5h225091.hop.delllabs.net
2026-02-17 14:26:48,305 - INFO - Configuring Dispatcher for host l5h225090.hop.delllabs.net
2026-02-17 14:26:48,628 - INFO - Configuring Dispatcher for host l5h225095.hop.delllabs.net
2026-02-17 14:26:55,058 - INFO - Configuring Dispatcher for host l5h225089.hop.delllabs.net
2026-02-17 14:26:55,860 - INFO - Configuring Dispatcher for host l5h225097.hop.delllabs.net
2026-02-17 14:37:06,423 - INFO - Dispatcher configured for host l5h225092.hop.delllabs.net. Polling for Final REady State........
2026-02-17 14:37:10,247 - INFO - Dispatcher configured for host l5h225091.hop.delllabs.net. Polling for Final REady State........
2026-02-17 14:37:13,181 - INFO - Dispatcher configured for host l5h225094.hop.delllabs.net. Polling for Final REady State........
2026-02-17 14:37:16,693 - INFO - Dispatcher configured for host l5h225093.hop.delllabs.net. Polling for Final REady State........
2026-02-17 14:38:12,498 - INFO - l5h225092.hop.delllabs.net is Ready
2026-02-17 14:38:16,946 - INFO - l5h225091.hop.delllabs.net is Ready
2026-02-17 14:38:18,981 - INFO - l5h225094.hop.delllabs.net is Ready
2026-02-17 14:38:22,717 - INFO - l5h225093.hop.delllabs.net is Ready
2026-02-17 14:39:08,011 - ERROR - Socket exception: An existing connection was forcibly closed by the remote host (10054)
2026-02-17 14:39:08,012 - ERROR - Socket exception: An existing connection was forcibly closed by the remote host (10054)
2026-02-17 14:39:08,012 - ERROR - Socket exception: An existing connection was forcibly closed by the remote host (10054)
2026-02-17 14:39:08,012 - ERROR - Socket exception: An existing connection was forcibly closed by the remote host (10054)
2026-02-17 14:39:08,013 - ERROR - Socket exception: An existing connection was forcibly closed by the remote host (10054)
2026-02-17 14:39:08,013 - ERROR - Socket exception: An existing connection was forcibly closed by the remote host (10054)
2026-02-17 14:39:08,013 - ERROR - Socket exception: An existing connection was forcibly closed by the remote host (10054)
2026-02-17 14:39:08,013 - ERROR - Socket exception: An existing connection was forcibly closed by the remote host (10054)
2026-02-17 14:39:08,013 - ERROR - Socket exception: An existing connection was forcibly closed by the remote host (10054)
2026-02-17 14:39:08,013 - ERROR - Socket exception: An existing connection was forcibly closed by the remote host (10054)
2026-02-17 14:39:08,051 - INFO - Error Occurred : -1
2026-02-17 14:39:08,122 - INFO - Error Occurred : -1
2026-02-17 14:39:08,180 - INFO - Error Occurred : -1
2026-02-17 14:39:08,233 - INFO - Error Occurred : -1
2026-02-17 14:39:08,391 - INFO - Error Occurred : -1
2026-02-17 14:39:08,996 - INFO - ------------- End of Script --------------
