2026-05-18 16:36:02,999 - INFO - ------------- Start of Script --------------
2026-05-18 16:36:05,473 - INFO - IP for l5h225098.hop.delllabs.net: 10.246.225.98
2026-05-18 16:36:06,188 - INFO - IP for l5h225097.hop.delllabs.net: 10.246.225.97
2026-05-18 16:36:06,906 - INFO - IP for l5h225091.hop.delllabs.net: 10.246.225.91
2026-05-18 16:36:07,621 - INFO - IP for l5h225094.hop.delllabs.net: 10.246.225.94
2026-05-18 16:36:08,339 - INFO - IP for l5h225095.hop.delllabs.net: 10.246.225.95
2026-05-18 16:37:43,513 - INFO - Adios has been Updated for host l5dl113110.hop.lab.emc.com
2026-05-18 16:37:44,386 - INFO - Configuring Dispatcher for host l5dl113110.hop.lab.emc.com
2026-05-18 16:38:14,305 - INFO - Details Not found in vCenter : l5h629047.hop.lab.emc.com
2026-05-18 16:38:29,297 - INFO - Adios has been Updated for host l5dl113111.hop.lab.emc.com
2026-05-18 16:38:30,077 - INFO - Configuring Dispatcher for host l5dl113111.hop.lab.emc.com
2026-05-18 16:40:24,287 - INFO - Details Not found in vCenter : ls-hop-l5-svc01.hop.delllabs.net
2026-05-18 16:41:41,273 - INFO - Details found in vCenter : crkcb1labvc80.crk.lab.emc.com
2026-05-18 16:41:57,131 - INFO -  Fetching the details below ............... 
2026-05-18 16:41:57,131 - INFO -  List of ESX Hosts for OGSCK:
2026-05-18 16:41:57,462 - INFO -      crkrmfesx237.crk.lab.emc.com
2026-05-18 16:41:57,778 - INFO -      crkrmfesx229.crk.lab.emc.com
2026-05-18 16:41:57,779 - INFO -  List of VMs for OGSCK:
2026-05-18 16:41:58,092 - INFO -      crkrmfesx237vm4
2026-05-18 16:41:58,417 - INFO -      crkrmfesx229vm2
2026-05-18 16:41:58,733 - INFO -      crkrmfesx237vm1
2026-05-18 16:41:59,069 - INFO -      crkrmfesx237vm6
2026-05-18 16:41:59,382 - INFO -      crkrmfesx229vm5
2026-05-18 16:41:59,701 - INFO -      crkrmfesx237vm2
2026-05-18 16:42:00,017 - INFO -      crkrmfesx229vm1
2026-05-18 16:42:00,017 - INFO - ------------- Fetching the VM IPs --------------
2026-05-18 16:42:00,017 - INFO -  Fetching the VM IPs ....
2026-05-18 16:42:02,951 - INFO - IP for crkrmfesx237vm4: 10.60.149.174
2026-05-18 16:42:03,608 - INFO - IP for crkrmfesx229vm2: 10.60.150.7
2026-05-18 16:42:04,273 - INFO - IP for crkrmfesx237vm1: 10.60.150.14
2026-05-18 16:42:04,917 - INFO - IP for crkrmfesx237vm6: 10.60.149.255
2026-05-18 16:42:05,581 - INFO - IP for crkrmfesx229vm5: 10.60.149.38
2026-05-18 16:42:06,230 - INFO - IP for crkrmfesx237vm2: 10.60.149.61
2026-05-18 16:42:06,858 - INFO - IP for crkrmfesx229vm1: 10.60.149.167
2026-05-18 16:42:06,858 - INFO - ------------- Fetching the correct credentials for the VMs  --------------
2026-05-18 16:42:06,858 - INFO -  Fetching the credentials for the VMs .....
2026-05-18 16:42:07,795 - INFO - Connected (version 2.0, client OpenSSH_8.0)
2026-05-18 16:42:09,441 - INFO - Authentication (publickey) failed.
2026-05-18 16:42:10,092 - INFO - Authentication (password) successful!
2026-05-18 16:42:10,093 - INFO - Credentials found for crkrmfesx237vm4 : root : dangerous
2026-05-18 16:42:11,229 - INFO - Connected (version 2.0, client OpenSSH_8.0)
2026-05-18 16:42:14,971 - INFO - Authentication (publickey) failed.
2026-05-18 16:42:15,696 - INFO - Authentication (password) successful!
2026-05-18 16:42:15,697 - INFO - Credentials found for crkrmfesx229vm2 : root : dangerous
2026-05-18 16:42:16,701 - INFO - Connected (version 2.0, client OpenSSH_9.6)
2026-05-18 16:42:18,487 - INFO - Authentication (publickey) failed.
2026-05-18 16:42:19,213 - INFO - Authentication (password) successful!
2026-05-18 16:42:19,213 - INFO - Credentials found for crkrmfesx237vm1 : root : dangerous
2026-05-18 16:43:00,825 - WARNING - No valid credentials or connection for crkrmfesx237vm6 (10.60.149.255); last error: [Errno None] Unable to connect to port 22 on 10.60.149.255
2026-05-18 16:43:01,962 - INFO - Connected (version 2.0, client OpenSSH_8.0)
2026-05-18 16:43:04,828 - INFO - Authentication (publickey) failed.
2026-05-18 16:43:05,565 - INFO - Authentication (password) successful!
2026-05-18 16:43:05,565 - INFO - Credentials found for crkrmfesx229vm5 : root : dangerous
2026-05-18 16:43:12,036 - INFO - Connected (version 2.0, client OpenSSH_9.6)
2026-05-18 16:43:13,873 - INFO - Authentication (publickey) failed.
2026-05-18 16:43:14,587 - INFO - Authentication (password) successful!
2026-05-18 16:43:14,588 - INFO - Credentials found for crkrmfesx237vm2 : root : dangerous
2026-05-18 16:43:15,775 - INFO - Connected (version 2.0, client OpenSSH_8.0)
2026-05-18 16:43:18,391 - INFO - Authentication (publickey) failed.
2026-05-18 16:43:19,119 - INFO - Authentication (password) successful!
2026-05-18 16:43:19,119 - INFO - Credentials found for crkrmfesx229vm1 : root : dangerous
2026-05-18 16:43:19,119 - INFO - ------------- Configuring ACLX DB for the system --------------
2026-05-18 16:43:19,887 - INFO - Connected (version 2.0, client OpenSSH_8.0)
2026-05-18 16:43:21,863 - INFO - Authentication (publickey) failed.
2026-05-18 16:43:22,664 - INFO - Authentication (password) successful!
2026-05-18 16:43:22,664 - INFO - Starting the aclx restore script.....
2026-05-18 16:43:23,791 - INFO - Permissions changed
2026-05-18 16:43:34,903 - INFO - Shell aclx db script initiated
2026-05-18 16:44:35,530 - INFO - Dispatcher configured for host l5dl113110.hop.lab.emc.com. Polling for Final Ready State........
2026-05-18 16:45:24,272 - INFO - [92ml5dl113110.hop.lab.emc.com is Ready[0m
2026-05-18 16:46:11,168 - WARNING - IP not available for l5h225096.hop.delllabs.net after waiting.
2026-05-18 16:46:11,922 - INFO - IP for l5h225093.hop.delllabs.net: 10.246.225.93
2026-05-18 16:46:12,671 - INFO - IP for l5h225090.hop.delllabs.net: 10.246.225.90
2026-05-18 16:46:13,400 - INFO - IP for l5h225089.hop.delllabs.net: 10.246.225.89
2026-05-18 16:46:14,124 - INFO - IP for l5h225092.hop.delllabs.net: 10.246.225.92
2026-05-18 16:46:14,124 - INFO - ------------- Fetching the correct credentials for the VMs  --------------
2026-05-18 16:46:14,124 - INFO -  Fetching the credentials for the VMs .....
2026-05-18 16:46:15,439 - INFO - Connected (version 2.0, client OpenSSH_8.0)
2026-05-18 16:46:16,274 - INFO - Dispatcher configured for host l5dl113111.hop.lab.emc.com. Polling for Final Ready State........
2026-05-18 16:46:18,481 - INFO - Authentication (publickey) failed.
2026-05-18 16:46:19,401 - INFO - Authentication (password) successful!
2026-05-18 16:46:19,401 - INFO - Credentials found for l5h225098.hop.delllabs.net : root : dangerous
2026-05-18 16:46:20,701 - INFO - Connected (version 2.0, client OpenSSH_8.0)
2026-05-18 16:46:22,953 - INFO - Authentication (publickey) failed.
2026-05-18 16:46:23,866 - INFO - Authentication (password) successful!
2026-05-18 16:46:23,866 - INFO - Credentials found for l5h225097.hop.delllabs.net : root : dangerous
2026-05-18 16:46:25,141 - INFO - Connected (version 2.0, client OpenSSH_8.0)
2026-05-18 16:46:27,286 - INFO - Authentication (publickey) failed.
2026-05-18 16:46:28,050 - INFO - Authentication (password) successful!
2026-05-18 16:46:28,051 - INFO - Credentials found for l5h225091.hop.delllabs.net : root : dangerous
2026-05-18 16:46:29,286 - INFO - Connected (version 2.0, client OpenSSH_8.0)
2026-05-18 16:46:31,517 - INFO - Authentication (publickey) failed.
2026-05-18 16:46:32,289 - INFO - Authentication (password) successful!
2026-05-18 16:46:32,289 - INFO - Credentials found for l5h225094.hop.delllabs.net : root : dangerous
2026-05-18 16:46:33,592 - INFO - Connected (version 2.0, client OpenSSH_8.0)
2026-05-18 16:46:35,771 - INFO - Authentication (publickey) failed.
2026-05-18 16:46:36,567 - INFO - Authentication (password) successful!
2026-05-18 16:46:36,568 - INFO - Credentials found for l5h225095.hop.delllabs.net : root : dangerous
2026-05-18 16:46:36,927 - WARNING - IP not available for l5h225096.hop.delllabs.net, skipping credential check
2026-05-18 16:46:38,159 - INFO - Connected (version 2.0, client OpenSSH_8.0)
2026-05-18 16:46:40,341 - INFO - Authentication (publickey) failed.
2026-05-18 16:46:41,119 - INFO - Authentication (password) successful!
2026-05-18 16:46:41,119 - INFO - Credentials found for l5h225093.hop.delllabs.net : root : dangerous
2026-05-18 16:46:42,360 - INFO - Connected (version 2.0, client OpenSSH_8.0)
2026-05-18 16:46:44,643 - INFO - Authentication (publickey) failed.
2026-05-18 16:46:45,462 - INFO - Authentication (password) successful!
2026-05-18 16:46:45,463 - INFO - Credentials found for l5h225090.hop.delllabs.net : root : dangerous
2026-05-18 16:46:46,657 - INFO - Connected (version 2.0, client OpenSSH_8.0)
2026-05-18 16:46:48,661 - INFO - Authentication (publickey) failed.
2026-05-18 16:46:49,422 - INFO - Authentication (password) successful!
2026-05-18 16:46:49,423 - INFO - Credentials found for l5h225089.hop.delllabs.net : root : dangerous
2026-05-18 16:46:50,580 - INFO - Connected (version 2.0, client OpenSSH_8.0)
2026-05-18 16:46:52,724 - INFO - Authentication (publickey) failed.
2026-05-18 16:46:53,479 - INFO - Authentication (password) successful!
2026-05-18 16:46:53,479 - INFO - Credentials found for l5h225092.hop.delllabs.net : root : dangerous
2026-05-18 16:46:53,480 - INFO - ------------- Configuring ACLX DB for the system --------------
2026-05-18 16:46:54,222 - INFO - Connected (version 2.0, client OpenSSH_8.0)
2026-05-18 16:46:56,167 - INFO - Authentication (publickey) failed.
2026-05-18 16:46:56,910 - INFO - Authentication (password) successful!
2026-05-18 16:46:56,910 - INFO - Starting the aclx restore script.....
2026-05-18 16:46:58,062 - INFO - Permissions changed
2026-05-18 16:47:08,717 - INFO - [92ml5dl113111.hop.lab.emc.com is Ready[0m
2026-05-18 16:47:08,718 - INFO - ------------- End of Script --------------
2026-05-18 16:47:08,956 - INFO - Shell aclx db script initiated
2026-05-18 16:51:32,330 - INFO - Aclx DB file restore is successful for host crkrmfesx229vm1.crk.lab.emc.com
2026-05-18 16:51:32,331 - INFO - ------------- Readying the Hosts --------------
2026-05-18 16:51:32,333 - INFO - Connecting to host 10.60.149.174 (crkrmfesx237vm4) for ready/Adios operations
2026-05-18 16:51:32,334 - INFO - Connecting to host 10.60.150.7 (crkrmfesx229vm2) for ready/Adios operations
2026-05-18 16:51:32,334 - INFO - Connecting to host 10.60.150.14 (crkrmfesx237vm1) for ready/Adios operations
2026-05-18 16:51:32,335 - INFO - Skipping crkrmfesx237vm6 - no IP or credentials available
2026-05-18 16:51:32,337 - INFO - Connecting to host 10.60.149.38 (crkrmfesx229vm5) for ready/Adios operations
2026-05-18 16:51:32,337 - INFO - Connecting to host 10.60.149.61 (crkrmfesx237vm2) for ready/Adios operations
2026-05-18 16:51:32,339 - INFO - Connecting to host 10.60.149.167 (crkrmfesx229vm1) for ready/Adios operations
2026-05-18 16:51:33,008 - INFO - Connected (version 2.0, client OpenSSH_9.6)
2026-05-18 16:51:33,008 - INFO - Connected (version 2.0, client OpenSSH_8.0)
2026-05-18 16:51:33,008 - INFO - Connected (version 2.0, client OpenSSH_8.0)
2026-05-18 16:51:33,012 - INFO - Connected (version 2.0, client OpenSSH_8.0)
2026-05-18 16:51:33,036 - INFO - Connected (version 2.0, client OpenSSH_9.6)
2026-05-18 16:51:33,045 - INFO - Connected (version 2.0, client OpenSSH_8.0)
2026-05-18 16:51:34,558 - INFO - Authentication (publickey) failed.
2026-05-18 16:51:34,653 - INFO - Authentication (publickey) failed.
2026-05-18 16:51:34,727 - INFO - Authentication (publickey) failed.
2026-05-18 16:51:34,784 - INFO - Authentication (publickey) failed.
2026-05-18 16:51:34,815 - INFO - Authentication (publickey) failed.
2026-05-18 16:51:34,856 - INFO - Authentication (publickey) failed.
2026-05-18 16:51:35,169 - INFO - Authentication (password) successful!
2026-05-18 16:51:35,303 - INFO - Authentication (password) successful!
2026-05-18 16:51:35,385 - INFO - Authentication (password) successful!
2026-05-18 16:51:35,478 - INFO - Authentication (password) successful!
2026-05-18 16:51:35,515 - INFO - Authentication (password) successful!
2026-05-18 16:51:35,589 - INFO - Authentication (password) successful!
2026-05-18 16:51:35,864 - INFO - Connected (version 2.0, client OpenSSH_9.6)
2026-05-18 16:51:35,980 - INFO - Connected (version 2.0, client OpenSSH_8.0)
2026-05-18 16:51:35,987 - INFO - Connected (version 2.0, client OpenSSH_8.0)
2026-05-18 16:51:36,149 - INFO - Connected (version 2.0, client OpenSSH_8.0)
2026-05-18 16:51:36,180 - INFO - Connected (version 2.0, client OpenSSH_9.6)
2026-05-18 16:51:36,219 - INFO - Connected (version 2.0, client OpenSSH_8.0)
2026-05-18 16:51:37,565 - INFO - Authentication (publickey) failed.
2026-05-18 16:51:37,678 - INFO - Authentication (publickey) failed.
2026-05-18 16:51:37,735 - INFO - Authentication (publickey) failed.
2026-05-18 16:51:37,827 - INFO - Authentication (publickey) failed.
2026-05-18 16:51:37,827 - INFO - Authentication (publickey) failed.
2026-05-18 16:51:37,973 - INFO - Authentication (publickey) failed.
2026-05-18 16:51:38,189 - INFO - Authentication (password) successful!
2026-05-18 16:51:38,465 - INFO - Authentication (password) successful!
2026-05-18 16:51:38,465 - INFO - Authentication (password) successful!
2026-05-18 16:51:38,478 - INFO - Authentication (password) successful!
2026-05-18 16:51:38,584 - INFO - Authentication (password) successful!
2026-05-18 16:51:38,708 - INFO - Authentication (password) successful!
2026-05-18 16:51:45,894 - INFO - Dispatcher set to Not Ready for crkrmfesx237vm4
2026-05-18 16:51:47,588 - INFO - Dispatcher set to Not Ready for crkrmfesx229vm5
2026-05-18 16:51:47,716 - INFO - Dispatcher set to Not Ready for crkrmfesx229vm1
2026-05-18 16:51:48,406 - INFO - Dispatcher set to Not Ready for crkrmfesx229vm2
2026-05-18 16:52:05,894 - INFO - Updating Rowan Adios Version for crkrmfesx237vm4
2026-05-18 16:52:07,155 - INFO - Dispatcher set to Not Ready for crkrmfesx237vm2
2026-05-18 16:52:07,589 - INFO - Updating Rowan Adios Version for crkrmfesx229vm5
2026-05-18 16:52:07,718 - INFO - Updating Rowan Adios Version for crkrmfesx229vm1
2026-05-18 16:52:08,406 - INFO - Updating Rowan Adios Version for crkrmfesx229vm2
2026-05-18 16:52:16,312 - INFO - Dispatcher set to Not Ready for crkrmfesx237vm1
2026-05-18 16:52:27,157 - INFO - Updating Rowan Adios Version for crkrmfesx237vm2
2026-05-18 16:52:36,313 - INFO - Updating Rowan Adios Version for crkrmfesx237vm1
2026-05-18 16:56:42,817 - INFO - Adios has been Updated for host crkrmfesx237vm2
2026-05-18 16:56:43,801 - INFO - Configuring Dispatcher for host crkrmfesx237vm2
2026-05-18 16:58:19,150 - INFO - Adios has been Updated for host crkrmfesx229vm2
2026-05-18 16:58:19,908 - INFO - Configuring Dispatcher for host crkrmfesx229vm2
2026-05-18 16:58:23,501 - INFO - Adios has been Updated for host crkrmfesx229vm1
2026-05-18 16:58:24,212 - INFO - Configuring Dispatcher for host crkrmfesx229vm1
2026-05-18 16:59:01,628 - INFO - Adios has been Updated for host crkrmfesx237vm4
2026-05-18 16:59:02,398 - INFO - Configuring Dispatcher for host crkrmfesx237vm4
2026-05-18 16:59:10,895 - INFO - Dispatcher configured for host crkrmfesx229vm2. Polling for Final Ready State........
2026-05-18 16:59:11,631 - INFO - [92mcrkrmfesx229vm2 is Ready[0m
2026-05-18 16:59:38,279 - INFO - Adios has been Updated for host crkrmfesx229vm5
2026-05-18 16:59:39,031 - INFO - Configuring Dispatcher for host crkrmfesx229vm5
2026-05-18 17:00:22,055 - INFO - Adios has been Updated for host crkrmfesx237vm1
2026-05-18 17:00:23,076 - INFO - Configuring Dispatcher for host crkrmfesx237vm1
2026-05-18 17:06:49,365 - INFO - Aclx DB file restore is successful for host l5h225089.hop.delllabs.net
2026-05-18 17:06:49,366 - INFO - ------------- Readying the Hosts --------------
2026-05-18 17:06:49,368 - INFO - Connecting to host 10.246.225.98 (l5h225098.hop.delllabs.net) for ready/Adios operations
2026-05-18 17:06:49,368 - INFO - Connecting to host 10.246.225.97 (l5h225097.hop.delllabs.net) for ready/Adios operations
2026-05-18 17:06:49,370 - INFO - Connecting to host 10.246.225.91 (l5h225091.hop.delllabs.net) for ready/Adios operations
2026-05-18 17:06:49,370 - INFO - Connecting to host 10.246.225.94 (l5h225094.hop.delllabs.net) for ready/Adios operations
2026-05-18 17:06:49,371 - INFO - Connecting to host 10.246.225.95 (l5h225095.hop.delllabs.net) for ready/Adios operations
2026-05-18 17:06:49,371 - INFO - Skipping l5h225096.hop.delllabs.net - no IP or credentials available
2026-05-18 17:06:49,372 - INFO - Connecting to host 10.246.225.93 (l5h225093.hop.delllabs.net) for ready/Adios operations
2026-05-18 17:06:49,372 - INFO - Connecting to host 10.246.225.90 (l5h225090.hop.delllabs.net) for ready/Adios operations
2026-05-18 17:06:49,374 - INFO - Connecting to host 10.246.225.89 (l5h225089.hop.delllabs.net) for ready/Adios operations
2026-05-18 17:06:49,374 - INFO - Connecting to host 10.246.225.92 (l5h225092.hop.delllabs.net) for ready/Adios operations
2026-05-18 17:06:50,195 - INFO - Connected (version 2.0, client OpenSSH_8.0)
2026-05-18 17:06:50,195 - INFO - Connected (version 2.0, client OpenSSH_8.0)
2026-05-18 17:06:50,195 - INFO - Connected (version 2.0, client OpenSSH_8.0)
2026-05-18 17:06:50,195 - INFO - Connected (version 2.0, client OpenSSH_8.0)
2026-05-18 17:06:50,196 - INFO - Connected (version 2.0, client OpenSSH_8.0)
2026-05-18 17:06:50,196 - INFO - Connected (version 2.0, client OpenSSH_8.0)
2026-05-18 17:06:50,196 - INFO - Connected (version 2.0, client OpenSSH_8.0)
2026-05-18 17:06:50,196 - INFO - Connected (version 2.0, client OpenSSH_8.0)
2026-05-18 17:06:50,196 - INFO - Connected (version 2.0, client OpenSSH_8.0)
2026-05-18 17:06:52,121 - INFO - Authentication (publickey) failed.
2026-05-18 17:06:52,121 - INFO - Authentication (publickey) failed.
2026-05-18 17:06:52,122 - INFO - Authentication (publickey) failed.
2026-05-18 17:06:52,178 - INFO - Authentication (publickey) failed.
2026-05-18 17:06:52,179 - INFO - Authentication (publickey) failed.
2026-05-18 17:06:52,206 - INFO - Authentication (publickey) failed.
2026-05-18 17:06:52,206 - INFO - Authentication (publickey) failed.
2026-05-18 17:06:52,206 - INFO - Authentication (publickey) failed.
2026-05-18 17:06:52,221 - INFO - Authentication (publickey) failed.
2026-05-18 17:06:52,866 - INFO - Authentication (password) successful!
2026-05-18 17:06:52,866 - INFO - Authentication (password) successful!
2026-05-18 17:06:52,867 - INFO - Authentication (password) successful!
2026-05-18 17:06:52,937 - INFO - Authentication (password) successful!
2026-05-18 17:06:52,967 - INFO - Authentication (password) successful!
2026-05-18 17:06:52,988 - INFO - Authentication (password) successful!
2026-05-18 17:06:52,988 - INFO - Authentication (password) successful!
2026-05-18 17:06:52,988 - INFO - Authentication (password) successful!
2026-05-18 17:06:53,056 - INFO - Authentication (password) successful!
2026-05-18 17:06:53,657 - INFO - Connected (version 2.0, client OpenSSH_8.0)
2026-05-18 17:06:53,657 - INFO - Connected (version 2.0, client OpenSSH_8.0)
2026-05-18 17:06:53,657 - INFO - Connected (version 2.0, client OpenSSH_8.0)
2026-05-18 17:06:53,720 - INFO - Connected (version 2.0, client OpenSSH_8.0)
2026-05-18 17:06:53,730 - INFO - Connected (version 2.0, client OpenSSH_8.0)
2026-05-18 17:06:53,748 - INFO - Connected (version 2.0, client OpenSSH_8.0)
2026-05-18 17:06:53,754 - INFO - Connected (version 2.0, client OpenSSH_8.0)
2026-05-18 17:06:53,765 - INFO - Connected (version 2.0, client OpenSSH_8.0)
2026-05-18 17:06:53,780 - INFO - Connected (version 2.0, client OpenSSH_8.0)
2026-05-18 17:06:55,616 - INFO - Authentication (publickey) failed.
2026-05-18 17:06:55,617 - INFO - Authentication (publickey) failed.
2026-05-18 17:06:55,641 - INFO - Authentication (publickey) failed.
2026-05-18 17:06:55,656 - INFO - Authentication (publickey) failed.
2026-05-18 17:06:55,708 - INFO - Authentication (publickey) failed.
2026-05-18 17:06:55,714 - INFO - Authentication (publickey) failed.
2026-05-18 17:06:55,750 - INFO - Authentication (publickey) failed.
2026-05-18 17:06:55,756 - INFO - Authentication (publickey) failed.
2026-05-18 17:06:55,762 - INFO - Authentication (publickey) failed.
2026-05-18 17:06:56,376 - INFO - Authentication (password) successful!
2026-05-18 17:06:56,383 - INFO - Authentication (password) successful!
2026-05-18 17:06:56,398 - INFO - Authentication (password) successful!
2026-05-18 17:06:56,432 - INFO - Authentication (password) successful!
2026-05-18 17:06:56,459 - INFO - Authentication (password) successful!
2026-05-18 17:06:56,483 - INFO - Authentication (password) successful!
2026-05-18 17:06:56,539 - INFO - Authentication (password) successful!
2026-05-18 17:06:56,539 - INFO - Authentication (password) successful!
2026-05-18 17:06:56,576 - INFO - Authentication (password) successful!
2026-05-18 17:07:17,159 - INFO - Updating Riveroak Adios Version for l5h225089.hop.delllabs.net
2026-05-18 17:07:17,176 - INFO - Updating Riveroak Adios Version for l5h225090.hop.delllabs.net
2026-05-18 17:07:17,188 - INFO - Updating Riveroak Adios Version for l5h225093.hop.delllabs.net
2026-05-18 17:07:17,233 - INFO - Updating Riveroak Adios Version for l5h225094.hop.delllabs.net
2026-05-18 17:07:17,290 - INFO - Updating Riveroak Adios Version for l5h225092.hop.delllabs.net
2026-05-18 17:07:17,337 - INFO - Updating Riveroak Adios Version for l5h225091.hop.delllabs.net
2026-05-18 17:07:17,537 - INFO - Updating Riveroak Adios Version for l5h225098.hop.delllabs.net
2026-05-18 17:07:17,542 - INFO - Updating Riveroak Adios Version for l5h225095.hop.delllabs.net
2026-05-18 17:07:17,549 - INFO - Updating Riveroak Adios Version for l5h225097.hop.delllabs.net
2026-05-18 17:09:04,607 - INFO - Dispatcher configured for host crkrmfesx237vm2. Polling for Final Ready State........
2026-05-18 17:10:11,564 - INFO - [92mcrkrmfesx237vm2 is Ready[0m
2026-05-18 17:14:03,414 - INFO - Adios has been Updated for host l5h225097.hop.delllabs.net
2026-05-18 17:14:03,495 - INFO - Dispatcher configured for host crkrmfesx237vm4. Polling for Final Ready State........
2026-05-18 17:14:04,256 - INFO - Configuring Dispatcher for host l5h225097.hop.delllabs.net
2026-05-18 17:14:08,365 - INFO - Adios has been Updated for host l5h225095.hop.delllabs.net
2026-05-18 17:14:09,225 - INFO - Configuring Dispatcher for host l5h225095.hop.delllabs.net
2026-05-18 17:14:18,323 - INFO - Adios has been Updated for host l5h225098.hop.delllabs.net
2026-05-18 17:14:19,217 - INFO - Configuring Dispatcher for host l5h225098.hop.delllabs.net
2026-05-18 17:14:46,549 - INFO - [92mcrkrmfesx237vm4 is Ready[0m
2026-05-18 17:16:13,197 - INFO - Adios has been Updated for host l5h225091.hop.delllabs.net
2026-05-18 17:16:14,281 - INFO - Configuring Dispatcher for host l5h225091.hop.delllabs.net
2026-05-18 17:16:23,145 - INFO - Adios has been Updated for host l5h225092.hop.delllabs.net
2026-05-18 17:16:24,295 - INFO - Configuring Dispatcher for host l5h225092.hop.delllabs.net
2026-05-18 17:16:33,031 - INFO - Adios has been Updated for host l5h225090.hop.delllabs.net
2026-05-18 17:16:33,103 - INFO - Adios has been Updated for host l5h225093.hop.delllabs.net
2026-05-18 17:16:33,103 - INFO - Adios has been Updated for host l5h225094.hop.delllabs.net
2026-05-18 17:16:34,073 - INFO - Configuring Dispatcher for host l5h225094.hop.delllabs.net
2026-05-18 17:16:34,136 - INFO - Configuring Dispatcher for host l5h225090.hop.delllabs.net
2026-05-18 17:16:34,173 - INFO - Configuring Dispatcher for host l5h225093.hop.delllabs.net
2026-05-18 17:16:49,099 - INFO - Dispatcher configured for host crkrmfesx237vm1. Polling for Final Ready State........
2026-05-18 17:17:27,968 - INFO - Adios has been Updated for host l5h225089.hop.delllabs.net
2026-05-18 17:17:29,036 - INFO - Configuring Dispatcher for host l5h225089.hop.delllabs.net
2026-05-18 17:17:45,386 - INFO - Dispatcher configured for host l5h225091.hop.delllabs.net. Polling for Final Ready State........
2026-05-18 17:17:55,055 - INFO - [92ml5h225091.hop.delllabs.net is Ready[0m
2026-05-18 17:17:55,305 - INFO - Dispatcher configured for host l5h225092.hop.delllabs.net. Polling for Final Ready State........
2026-05-18 17:17:59,982 - INFO - [92mcrkrmfesx237vm1 is Ready[0m
2026-05-18 17:18:00,228 - INFO - Dispatcher configured for host l5h225093.hop.delllabs.net. Polling for Final Ready State........
2026-05-18 17:18:00,541 - INFO - [92ml5h225092.hop.delllabs.net is Ready[0m
2026-05-18 17:18:05,163 - INFO - Dispatcher configured for host l5h225094.hop.delllabs.net. Polling for Final Ready State........
2026-05-18 17:18:07,527 - INFO - [92ml5h225093.hop.delllabs.net is Ready[0m
2026-05-18 17:18:14,821 - INFO - [92ml5h225094.hop.delllabs.net is Ready[0m
2026-05-18 17:21:45,074 - INFO - Dispatcher configured for host crkrmfesx229vm5. Polling for Final Ready State........
2026-05-18 17:23:23,549 - INFO - [92mcrkrmfesx229vm5 is Ready[0m
2026-05-18 17:37:10,342 - INFO - Dispatcher configured for host crkrmfesx229vm1. Polling for Final Ready State........
2026-05-18 17:37:20,181 - INFO - Dispatcher configured for host l5h225090.hop.delllabs.net. Polling for Final Ready State........
2026-05-18 17:38:13,242 - ERROR - Socket exception: An existing connection was forcibly closed by the remote host (10054)
2026-05-18 17:38:13,242 - ERROR - Error during ready/Adios operations on crkrmfesx229vm1: [WinError 10054] An existing connection was forcibly closed by the remote host. Skipping host.
2026-05-18 17:38:13,244 - INFO - ------------- End of Script --------------
2026-05-18 17:38:13,808 - ERROR - Socket exception: An existing connection was forcibly closed by the remote host (10054)
2026-05-18 17:38:13,809 - ERROR - Error during ready/Adios operations on l5h225090.hop.delllabs.net: [WinError 10054] An existing connection was forcibly closed by the remote host. Skipping host.
2026-05-18 17:39:00,527 - INFO - Dispatcher configured for host l5h225097.hop.delllabs.net. Polling for Final Ready State........
2026-05-18 17:39:55,455 - INFO - Dispatcher configured for host l5h225098.hop.delllabs.net. Polling for Final Ready State........
2026-05-18 17:40:05,456 - INFO - Dispatcher configured for host l5h225095.hop.delllabs.net. Polling for Final Ready State........
2026-05-18 17:40:31,857 - INFO - [92ml5h225097.hop.delllabs.net is Ready[0m
2026-05-18 17:41:23,852 - INFO - [92ml5h225098.hop.delllabs.net is Ready[0m
2026-05-18 17:41:36,517 - INFO - [92ml5h225095.hop.delllabs.net is Ready[0m
2026-05-18 17:45:40,086 - INFO - Dispatcher configured for host l5h225089.hop.delllabs.net. Polling for Final Ready State........
2026-05-18 17:47:15,645 - INFO - [92ml5h225089.hop.delllabs.net is Ready[0m
2026-05-18 17:47:15,648 - INFO - ------------- End of Script --------------
